[New Thread 0x2c03 of process 29149]
[New Thread 0x5303 of process 29149]
[New Thread 0x5403 of process 29149]

warning: Error calling thread_get_state for GP registers for thread 0x2c03


warning: Mach error at "../../gdb/i386-darwin-nat.c:132" in function "fetch_registers": (os/kern) invalid argument (0x4)

warning: unhandled dyld version (17)
0x00007ff814b17e1e in ?? ()
#0  0x00007ff814b17e1e in ?? ()
No symbol table info available.
#1  0x00007ff814a90a66 in ?? ()
No symbol table info available.
#2  0x0000000000000001 in ?? ()
No symbol table info available.
#3  0x0000000000000000 in ?? ()
No symbol table info available.

Thread 3 (Thread 0x5403 of process 29149):
#0  0x00007ff814b112be in ?? ()
No symbol table info available.
#1  0x00007ff814a25863 in ?? ()
No symbol table info available.
#2  0x0000700008830ea0 in ?? ()
No symbol table info available.
#3  0x2f53595340c595a3 in ?? ()
No symbol table info available.
#4  0x2e656761726f7473 in ?? ()
No symbol table info available.
#5  0x0000000106f35f10 in ?? ()
No symbol table info available.
#6  0x0000000106f347f0 in ?? ()
No symbol table info available.
#7  0x000000000308f9fe in ?? ()
No symbol table info available.
#8  0x0000700008830ed0 in ?? ()
No symbol table info available.
#9  0x00007ff814a25799 in ?? ()
No symbol table info available.
#10 0x0000000000000000 in ?? ()
No symbol table info available.

Thread 2 (Thread 0x5303 of process 29149):
#0  0x00007ff814b112be in ?? ()
No symbol table info available.
#1  0x00007ff814a25863 in ?? ()
No symbol table info available.
#2  0x0000000000000000 in ?? ()
No symbol table info available.

Thread 1 (Thread 0x2c03 of process 29149):
#0  0x00007ff814b17e1e in ?? ()
No symbol table info available.
#1  0x00007ff814a90a66 in ?? ()
No symbol table info available.
#2  0x0000000000000001 in ?? ()
No symbol table info available.
#3  0x0000000000000000 in ?? ()
No symbol table info available.
A debugging session is active.

	Inferior 1 [process 29149] will be detached.

Quit anyway? (y or n) [answered Y; input not from terminal]
