[New Thread 0x2b03 of process 23187]
[New Thread 0x2c03 of process 23187]
[New Thread 0x5303 of process 23187]

warning: Error calling thread_get_state for GP registers for thread 0x2b03


warning: Mach error at "../../gdb/i386-darwin-nat.c:132" in function "fetch_registers": (os/kern) invalid argument (0x4)

warning: unhandled dyld version (17)
0x00007ff816d26e1e in ?? ()
#0  0x00007ff816d26e1e in ?? ()
No symbol table info available.
#1  0x00007ff816c9fa66 in ?? ()
No symbol table info available.
#2  0x0000000000000001 in ?? ()
No symbol table info available.
#3  0x0000000000000000 in ?? ()
No symbol table info available.

Thread 3 (Thread 0x5303 of process 23187):
#0  0x00007ff816d202be in ?? ()
No symbol table info available.
#1  0x00007ff816c34863 in ?? ()
No symbol table info available.
#2  0x000070000789aea0 in ?? ()
No symbol table info available.
#3  0x000000010fad07cc in ?? ()
No symbol table info available.
#4  0x000000010fbb1820 in ?? ()
No symbol table info available.
#5  0x000000010fbd6f10 in ?? ()
No symbol table info available.
#6  0x000000010fbd57f0 in ?? ()
No symbol table info available.
#7  0x0000000003a1907e in ?? ()
No symbol table info available.
#8  0x000070000789aed0 in ?? ()
No symbol table info available.
#9  0x00007ff816c34799 in ?? ()
No symbol table info available.
#10 0x0000000000000000 in ?? ()
No symbol table info available.

Thread 2 (Thread 0x2c03 of process 23187):
#0  0x00007ff816d202be in ?? ()
No symbol table info available.
#1  0x00007ff816c34863 in ?? ()
No symbol table info available.
#2  0x0000000000000000 in ?? ()
No symbol table info available.

Thread 1 (Thread 0x2b03 of process 23187):
#0  0x00007ff816d26e1e in ?? ()
No symbol table info available.
#1  0x00007ff816c9fa66 in ?? ()
No symbol table info available.
#2  0x0000000000000001 in ?? ()
No symbol table info available.
#3  0x0000000000000000 in ?? ()
No symbol table info available.
A debugging session is active.

	Inferior 1 [process 23187] will be detached.

Quit anyway? (y or n) [answered Y; input not from terminal]
