[New Thread 0x2b03 of process 56492]
[New Thread 0x2c03 of process 56492]
[New Thread 0x5303 of process 56492]

warning: Error calling thread_get_state for GP registers for thread 0x2b03


warning: Mach error at "../../gdb/i386-darwin-nat.c:132" in function "fetch_registers": (os/kern) invalid argument (0x4)

warning: unhandled dyld version (17)
0x00007ff815556e1e in ?? ()
#0  0x00007ff815556e1e in ?? ()
No symbol table info available.
#1  0x00007ff8154cfa66 in ?? ()
No symbol table info available.
#2  0x0000000000000001 in ?? ()
No symbol table info available.
#3  0x0000000000000000 in ?? ()
No symbol table info available.

Thread 3 (Thread 0x5303 of process 56492):
#0  0x00007ff8155502be in ?? ()
No symbol table info available.
#1  0x00007ff815464863 in ?? ()
No symbol table info available.
#2  0x0000000000000000 in ?? ()
No symbol table info available.

Thread 2 (Thread 0x2c03 of process 56492):
#0  0x00007ff8155502be in ?? ()
No symbol table info available.
#1  0x00007ff815464863 in ?? ()
No symbol table info available.
#2  0x0000700003c7fea0 in ?? ()
No symbol table info available.
#3  0x00000001065737cc in ?? ()
No symbol table info available.
#4  0x0000000106654820 in ?? ()
No symbol table info available.
#5  0x0000000106679f10 in ?? ()
No symbol table info available.
#6  0x00000001066787f0 in ?? ()
No symbol table info available.
#7  0x00000000068691c2 in ?? ()
No symbol table info available.
#8  0x0000700003c7fed0 in ?? ()
No symbol table info available.
#9  0x00007ff815464799 in ?? ()
No symbol table info available.
#10 0x0000000000000000 in ?? ()
No symbol table info available.

Thread 1 (Thread 0x2b03 of process 56492):
#0  0x00007ff815556e1e in ?? ()
No symbol table info available.
#1  0x00007ff8154cfa66 in ?? ()
No symbol table info available.
#2  0x0000000000000001 in ?? ()
No symbol table info available.
#3  0x0000000000000000 in ?? ()
No symbol table info available.
A debugging session is active.

	Inferior 1 [process 56492] will be detached.

Quit anyway? (y or n) [answered Y; input not from terminal]
