[New Thread 0x5203 of process 62491]
[New Thread 0x5303 of process 62491]
[New Thread 0x5403 of process 62491]

warning: Error calling thread_get_state for GP registers for thread 0x5203


warning: Mach error at "../../gdb/i386-darwin-nat.c:132" in function "fetch_registers": (os/kern) invalid argument (0x4)

warning: unhandled dyld version (17)
0x00007ff8155502be in ?? ()
#0  0x00007ff8155502be in ?? ()
No symbol table info available.
#1  0x00007ff815464863 in ?? ()
No symbol table info available.
#2  0x0000000000000000 in ?? ()
No symbol table info available.

Thread 3 (Thread 0x5403 of process 62491):
#0  0x00007ff815556e1e in ?? ()
No symbol table info available.
#1  0x00007ff8154cfa66 in ?? ()
No symbol table info available.
#2  0x0000000000000001 in ?? ()
No symbol table info available.
#3  0x0000000000000000 in ?? ()
No symbol table info available.

Thread 2 (Thread 0x5303 of process 62491):
#0  0x00007ff8155502be in ?? ()
No symbol table info available.
#1  0x00007ff815464863 in ?? ()
No symbol table info available.
#2  0x0000700004691ea0 in ?? ()
No symbol table info available.
#3  0x0000000105b227bc in ?? ()
No symbol table info available.
#4  0x0000000105c03820 in ?? ()
No symbol table info available.
#5  0x0000000105c28f10 in ?? ()
No symbol table info available.
#6  0x0000000105c277f0 in ?? ()
No symbol table info available.
#7  0x0000000006311ec2 in ?? ()
No symbol table info available.
#8  0x0000700004691ed0 in ?? ()
No symbol table info available.
#9  0x00007ff815464799 in ?? ()
No symbol table info available.
#10 0x0000000000000000 in ?? ()
No symbol table info available.

Thread 1 (Thread 0x5203 of process 62491):
#0  0x00007ff8155502be in ?? ()
No symbol table info available.
#1  0x00007ff815464863 in ?? ()
No symbol table info available.
#2  0x0000000000000000 in ?? ()
No symbol table info available.
A debugging session is active.

	Inferior 1 [process 62491] will be detached.

Quit anyway? (y or n) [answered Y; input not from terminal]
